<?xml version="1.0" encoding="UTF-8"?>
<testsuite xmlns:xsi="http://www.w3.org/2001/XMLSchema-instance" xsi:noNamespaceSchemaLocation="https://maven.apache.org/surefire/maven-surefire-plugin/xsd/surefire-test-report.xsd" name="ru.netology.manager.AfishaManagerTest" time="0.062" tests="5" errors="0" skipped="0" failures="0">
  <properties>
[...]
</properties>
  <testcase name="addMovieIfIdExist" classname="ru.netology.manager.AfishaManagerTest" time="0.062"/>
  <testcase name="showMovieIfEmpty" classname="ru.netology.manager.AfishaManagerTest" time="0"/>
  <testcase name="sortMovieIfFull" classname="ru.netology.manager.AfishaManagerTest" time="0"/>
  <testcase name="sortMovieIfSomeExist" classname="ru.netology.manager.AfishaManagerTest" time="0"/>
  <testcase name="addMovieIfEmpty" classname="ru.netology.manager.AfishaManagerTest" time="0"/>
</testsuite>